# JRE version: OpenJDK Runtime Environment Temurin-21.0.8+9 (21.0.8+9) (build 21.0.8+9-LTS)
# Java VM: OpenJDK 64-Bit Server VM Temurin-21.0.8+9 (21.0.8+9-LTS, mixed mode, sharing, tiered, compressed oops, compressed class ptrs, parallel gc, windows-amd64)
GC Precious Log:
 CardTable entry size: 512
 CPUs: 12 total, 12 available
 Memory: 16279M
 Large Page Support: Disabled
 NUMA Support: Disabled
 Compressed Oops: Enabled (32-bit)
 Alignments: Space 512K, Generation 512K, Heap 2M
 Heap Min Capacity: 100M
 Heap Initial Capacity: 100M
 Heap Max Capacity: 2G
 Pre-touch: Disabled
 Parallel Workers: 10
Heap:
 PSYoungGen      total 4608K, used 2106K [0x00000000d5580000, 0x00000000d5c00000, 0x0000000100000000)
  eden space 2560K, 7% used [0x00000000d5580000,0x00000000d55ae968,0x00000000d5800000)
  from space 2048K, 93% used [0x00000000d5a00000,0x00000000d5be0020,0x00000000d5c00000)
  to   space 2048K, 0% used [0x00000000d5800000,0x00000000d5800000,0x00000000d5a00000)
 ParOldGen       total 407040K, used 407032K [0x0000000080000000, 0x0000000098d80000, 0x00000000d5580000)
  object space 407040K, 99% used [0x0000000080000000,0x0000000098d7e098,0x0000000098d80000)
 Metaspace       used 58974K, committed 60288K, reserved 1114112K
  class space    used 6861K, committed 7424K, reserved 1048576K
GC Heap History (20 events):
Event: 12.523 GC heap before
{Heap before GC invocations=362 (full 3):
 PSYoungGen      total 2048K, used 1664K [0x00000000d5580000, 0x00000000d5900000, 0x0000000100000000)
  eden space 1024K, 100% used [0x00000000d5580000,0x00000000d5680000,0x00000000d5680000)
  from space 1024K, 62% used [0x00000000d5800000,0x00000000d58a0000,0x00000000d5900000)
  to   space 1024K, 0% used [0x00000000d5700000,0x00000000d5700000,0x00000000d5800000)
 ParOldGen       total 395264K, used 394771K [0x0000000080000000, 0x0000000098200000, 0x00000000d5580000)
  object space 395264K, 99% used [0x0000000080000000,0x0000000098184d20,0x0000000098200000)
 Metaspace       used 58669K, committed 60096K, reserved 1114112K
  class space    used 6826K, committed 7424K, reserved 1048576K
}
Event: 12.525 GC heap after
{Heap after GC invocations=362 (full 3):
 PSYoungGen      total 2560K, used 1024K [0x00000000d5580000, 0x00000000d5b00000, 0x0000000100000000)
  eden space 1536K, 0% used [0x00000000d5580000,0x00000000d5580000,0x00000000d5700000)
  from space 1024K, 100% used [0x00000000d5700000,0x00000000d5800000,0x00000000d5800000)
  to   space 2048K, 0% used [0x00000000d5900000,0x00000000d5900000,0x00000000d5b00000)
 ParOldGen       total 395776K, used 395347K [0x0000000080000000, 0x0000000098280000, 0x00000000d5580000)
  object space 395776K, 99% used [0x0000000080000000,0x0000000098214d20,0x0000000098280000)
 Metaspace       used 58669K, committed 60096K, reserved 1114112K
  class space    used 6826K, committed 7424K, reserved 1048576K
}
Event: 12.529 GC heap before
{Heap before GC invocations=363 (full 3):
 PSYoungGen      total 2560K, used 2560K [0x00000000d5580000, 0x00000000d5b00000, 0x0000000100000000)
  eden space 1536K, 100% used [0x00000000d5580000,0x00000000d5700000,0x00000000d5700000)
  from space 1024K, 100% used [0x00000000d5700000,0x00000000d5800000,0x00000000d5800000)
  to   space 2048K, 0% used [0x00000000d5900000,0x00000000d5900000,0x00000000d5b00000)
 ParOldGen       total 395776K, used 395347K [0x0000000080000000, 0x0000000098280000, 0x00000000d5580000)
  object space 395776K, 99% used [0x0000000080000000,0x0000000098214d20,0x0000000098280000)
 Metaspace       used 58669K, committed 60096K, reserved 1114112K
  class space    used 6826K, committed 7424K, reserved 1048576K
}
Event: 12.531 GC heap after
{Heap after GC invocations=363 (full 3):
 PSYoungGen      total 3584K, used 1696K [0x00000000d5580000, 0x00000000d5b80000, 0x0000000100000000)
  eden space 1536K, 0% used [0x00000000d5580000,0x00000000d5580000,0x00000000d5700000)
  from space 2048K, 82% used [0x00000000d5900000,0x00000000d5aa8000,0x00000000d5b00000)
  to   space 2048K, 0% used [0x00000000d5700000,0x00000000d5700000,0x00000000d5900000)
 ParOldGen       total 396800K, used 396347K [0x0000000080000000, 0x0000000098380000, 0x00000000d5580000)
  object space 396800K, 99% used [0x0000000080000000,0x000000009830ed20,0x0000000098380000)
 Metaspace       used 58669K, committed 60096K, reserved 1114112K
  class space    used 6826K, committed 7424K, reserved 1048576K
}
Event: 12.534 GC heap before
{Heap before GC invocations=364 (full 3):
 PSYoungGen      total 3584K, used 3232K [0x00000000d5580000, 0x00000000d5b80000, 0x0000000100000000)
  eden space 1536K, 100% used [0x00000000d5580000,0x00000000d5700000,0x00000000d5700000)
  from space 2048K, 82% used [0x00000000d5900000,0x00000000d5aa8000,0x00000000d5b00000)
  to   space 2048K, 0% used [0x00000000d5700000,0x00000000d5700000,0x00000000d5900000)
 ParOldGen       total 396800K, used 396347K [0x0000000080000000, 0x0000000098380000, 0x00000000d5580000)
  object space 396800K, 99% used [0x0000000080000000,0x000000009830ed20,0x0000000098380000)
 Metaspace       used 58676K, committed 60096K, reserved 1114112K
  class space    used 6826K, committed 7424K, reserved 1048576K
}
Event: 12.536 GC heap after
{Heap after GC invocations=364 (full 3):
 PSYoungGen      total 3584K, used 1725K [0x00000000d5580000, 0x00000000d5b80000, 0x0000000100000000)
  eden space 1536K, 0% used [0x00000000d5580000,0x00000000d5580000,0x00000000d5700000)
  from space 2048K, 84% used [0x00000000d5700000,0x00000000d58af490,0x00000000d5900000)
  to   space 2048K, 0% used [0x00000000d5980000,0x00000000d5980000,0x00000000d5b80000)
 ParOldGen       total 398336K, used 397915K [0x0000000080000000, 0x0000000098500000, 0x00000000d5580000)
  object space 398336K, 99% used [0x0000000080000000,0x0000000098496d20,0x0000000098500000)
 Metaspace       used 58676K, committed 60096K, reserved 1114112K
  class space    used 6826K, committed 7424K, reserved 1048576K
}
Event: 12.543 GC heap before
{Heap before GC invocations=365 (full 3):
 PSYoungGen      total 3584K, used 3261K [0x00000000d5580000, 0x00000000d5b80000, 0x0000000100000000)
  eden space 1536K, 100% used [0x00000000d5580000,0x00000000d5700000,0x00000000d5700000)
  from space 2048K, 84% used [0x00000000d5700000,0x00000000d58af490,0x00000000d5900000)
  to   space 2048K, 0% used [0x00000000d5980000,0x00000000d5980000,0x00000000d5b80000)
 ParOldGen       total 398336K, used 397915K [0x0000000080000000, 0x0000000098500000, 0x00000000d5580000)
  object space 398336K, 99% used [0x0000000080000000,0x0000000098496d20,0x0000000098500000)
 Metaspace       used 58677K, committed 60096K, reserved 1114112K
  class space    used 6826K, committed 7424K, reserved 1048576K
}
Event: 12.544 GC heap after
{Heap after GC invocations=365 (full 3):
 PSYoungGen      total 4096K, used 1674K [0x00000000d5580000, 0x00000000d5b80000, 0x0000000100000000)
  eden space 2048K, 0% used [0x00000000d5580000,0x00000000d5580000,0x00000000d5780000)
  from space 2048K, 81% used [0x00000000d5980000,0x00000000d5b228b0,0x00000000d5b80000)
  to   space 2048K, 0% used [0x00000000d5780000,0x00000000d5780000,0x00000000d5980000)
 ParOldGen       total 399360K, used 399034K [0x0000000080000000, 0x0000000098600000, 0x00000000d5580000)
  object space 399360K, 99% used [0x0000000080000000,0x00000000985ae908,0x0000000098600000)
 Metaspace       used 58677K, committed 60096K, reserved 1114112K
  class space    used 6826K, committed 7424K, reserved 1048576K
}
Event: 12.548 GC heap before
{Heap before GC invocations=366 (full 3):
 PSYoungGen      total 4096K, used 3722K [0x00000000d5580000, 0x00000000d5b80000, 0x0000000100000000)
  eden space 2048K, 100% used [0x00000000d5580000,0x00000000d5780000,0x00000000d5780000)
  from space 2048K, 81% used [0x00000000d5980000,0x00000000d5b228b0,0x00000000d5b80000)
  to   space 2048K, 0% used [0x00000000d5780000,0x00000000d5780000,0x00000000d5980000)
 ParOldGen       total 399360K, used 399034K [0x0000000080000000, 0x0000000098600000, 0x00000000d5580000)
  object space 399360K, 99% used [0x0000000080000000,0x00000000985ae908,0x0000000098600000)
 Metaspace       used 58677K, committed 60096K, reserved 1114112K
  class space    used 6826K, committed 7424K, reserved 1048576K
}
Event: 12.550 GC heap after
{Heap after GC invocations=366 (full 3):
 PSYoungGen      total 4096K, used 2035K [0x00000000d5580000, 0x00000000d5d00000, 0x0000000100000000)
  eden space 2048K, 0% used [0x00000000d5580000,0x00000000d5580000,0x00000000d5780000)
  from space 2048K, 99% used [0x00000000d5780000,0x00000000d597ccb0,0x00000000d5980000)
  to   space 2560K, 0% used [0x00000000d5a80000,0x00000000d5a80000,0x00000000d5d00000)
 ParOldGen       total 399360K, used 399146K [0x0000000080000000, 0x0000000098600000, 0x00000000d5580000)
  object space 399360K, 99% used [0x0000000080000000,0x00000000985ca908,0x0000000098600000)
 Metaspace       used 58677K, committed 60096K, reserved 1114112K
  class space    used 6826K, committed 7424K, reserved 1048576K
}
Event: 12.554 GC heap before
{Heap before GC invocations=367 (full 3):
 PSYoungGen      total 4096K, used 4083K [0x00000000d5580000, 0x00000000d5d00000, 0x0000000100000000)
  eden space 2048K, 100% used [0x00000000d5580000,0x00000000d5780000,0x00000000d5780000)
  from space 2048K, 99% used [0x00000000d5780000,0x00000000d597ccb0,0x00000000d5980000)
  to   space 2560K, 0% used [0x00000000d5a80000,0x00000000d5a80000,0x00000000d5d00000)
 ParOldGen       total 399360K, used 399146K [0x0000000080000000, 0x0000000098600000, 0x00000000d5580000)
  object space 399360K, 99% used [0x0000000080000000,0x00000000985ca908,0x0000000098600000)
 Metaspace       used 58677K, committed 60096K, reserved 1114112K
  class space    used 6826K, committed 7424K, reserved 1048576K
}
Event: 12.556 GC heap after
{Heap after GC invocations=367 (full 3):
 PSYoungGen      total 5120K, used 2144K [0x00000000d5580000, 0x00000000d5d00000, 0x0000000100000000)
  eden space 2560K, 0% used [0x00000000d5580000,0x00000000d5580000,0x00000000d5800000)
  from space 2560K, 83% used [0x00000000d5a80000,0x00000000d5c98000,0x00000000d5d00000)
  to   space 2560K, 0% used [0x00000000d5800000,0x00000000d5800000,0x00000000d5a80000)
 ParOldGen       total 401408K, used 401189K [0x0000000080000000, 0x0000000098800000, 0x00000000d5580000)
  object space 401408K, 99% used [0x0000000080000000,0x00000000987c95b8,0x0000000098800000)
 Metaspace       used 58677K, committed 60096K, reserved 1114112K
  class space    used 6826K, committed 7424K, reserved 1048576K
}
Event: 12.566 GC heap before
{Heap before GC invocations=368 (full 3):
 PSYoungGen      total 5120K, used 4696K [0x00000000d5580000, 0x00000000d5d00000, 0x0000000100000000)
  eden space 2560K, 99% used [0x00000000d5580000,0x00000000d57fe2c0,0x00000000d5800000)
  from space 2560K, 83% used [0x00000000d5a80000,0x00000000d5c98000,0x00000000d5d00000)
  to   space 2560K, 0% used [0x00000000d5800000,0x00000000d5800000,0x00000000d5a80000)
 ParOldGen       total 401408K, used 401189K [0x0000000080000000, 0x0000000098800000, 0x00000000d5580000)
  object space 401408K, 99% used [0x0000000080000000,0x00000000987c95b8,0x0000000098800000)
 Metaspace       used 58696K, committed 60096K, reserved 1114112K
  class space    used 6827K, committed 7424K, reserved 1048576K
}
Event: 12.568 GC heap after
{Heap after GC invocations=368 (full 3):
 PSYoungGen      total 4096K, used 1164K [0x00000000d5580000, 0x00000000d5b80000, 0x0000000100000000)
  eden space 2560K, 0% used [0x00000000d5580000,0x00000000d5580000,0x00000000d5800000)
  from space 1536K, 75% used [0x00000000d5800000,0x00000000d5923360,0x00000000d5980000)
  to   space 1536K, 0% used [0x00000000d5a00000,0x00000000d5a00000,0x00000000d5b80000)
 ParOldGen       total 403456K, used 403261K [0x0000000080000000, 0x0000000098a00000, 0x00000000d5580000)
  object space 403456K, 99% used [0x0000000080000000,0x00000000989cf5b8,0x0000000098a00000)
 Metaspace       used 58696K, committed 60096K, reserved 1114112K
  class space    used 6827K, committed 7424K, reserved 1048576K
}
Event: 12.600 GC heap before
{Heap before GC invocations=369 (full 3):
 PSYoungGen      total 4096K, used 3724K [0x00000000d5580000, 0x00000000d5b80000, 0x0000000100000000)
  eden space 2560K, 100% used [0x00000000d5580000,0x00000000d5800000,0x00000000d5800000)
  from space 1536K, 75% used [0x00000000d5800000,0x00000000d5923360,0x00000000d5980000)
  to   space 1536K, 0% used [0x00000000d5a00000,0x00000000d5a00000,0x00000000d5b80000)
 ParOldGen       total 403456K, used 403261K [0x0000000080000000, 0x0000000098a00000, 0x00000000d5580000)
  object space 403456K, 99% used [0x0000000080000000,0x00000000989cf5b8,0x0000000098a00000)
 Metaspace       used 58740K, committed 60160K, reserved 1114112K
  class space    used 6837K, committed 7424K, reserved 1048576K
}
Event: 12.602 GC heap after
{Heap after GC invocations=369 (full 3):
 PSYoungGen      total 4096K, used 1507K [0x00000000d5580000, 0x00000000d5c80000, 0x0000000100000000)
  eden space 2560K, 0% used [0x00000000d5580000,0x00000000d5580000,0x00000000d5800000)
  from space 1536K, 98% used [0x00000000d5a00000,0x00000000d5b78c28,0x00000000d5b80000)
  to   space 2048K, 0% used [0x00000000d5800000,0x00000000d5800000,0x00000000d5a00000)
 ParOldGen       total 404480K, used 404222K [0x0000000080000000, 0x0000000098b00000, 0x00000000d5580000)
  object space 404480K, 99% used [0x0000000080000000,0x0000000098abfaf0,0x0000000098b00000)
 Metaspace       used 58740K, committed 60160K, reserved 1114112K
  class space    used 6837K, committed 7424K, reserved 1048576K
}
Event: 12.620 GC heap before
{Heap before GC invocations=370 (full 3):
 PSYoungGen      total 4096K, used 4067K [0x00000000d5580000, 0x00000000d5c80000, 0x0000000100000000)
  eden space 2560K, 100% used [0x00000000d5580000,0x00000000d5800000,0x00000000d5800000)
  from space 1536K, 98% used [0x00000000d5a00000,0x00000000d5b78c28,0x00000000d5b80000)
  to   space 2048K, 0% used [0x00000000d5800000,0x00000000d5800000,0x00000000d5a00000)
 ParOldGen       total 404480K, used 404222K [0x0000000080000000, 0x0000000098b00000, 0x00000000d5580000)
  object space 404480K, 99% used [0x0000000080000000,0x0000000098abfaf0,0x0000000098b00000)
 Metaspace       used 58910K, committed 60288K, reserved 1114112K
  class space    used 6855K, committed 7424K, reserved 1048576K
}
Event: 12.622 GC heap after
{Heap after GC invocations=370 (full 3):
 PSYoungGen      total 4608K, used 1696K [0x00000000d5580000, 0x00000000d5c00000, 0x0000000100000000)
  eden space 2560K, 0% used [0x00000000d5580000,0x00000000d5580000,0x00000000d5800000)
  from space 2048K, 82% used [0x00000000d5800000,0x00000000d59a8000,0x00000000d5a00000)
  to   space 2048K, 0% used [0x00000000d5a00000,0x00000000d5a00000,0x00000000d5c00000)
 ParOldGen       total 405504K, used 405497K [0x0000000080000000, 0x0000000098c00000, 0x00000000d5580000)
  object space 405504K, 99% used [0x0000000080000000,0x0000000098bfe718,0x0000000098c00000)
 Metaspace       used 58910K, committed 60288K, reserved 1114112K
  class space    used 6855K, committed 7424K, reserved 1048576K
}
Event: 12.629 GC heap before
{Heap before GC invocations=371 (full 3):
 PSYoungGen      total 4608K, used 4256K [0x00000000d5580000, 0x00000000d5c00000, 0x0000000100000000)
  eden space 2560K, 100% used [0x00000000d5580000,0x00000000d5800000,0x00000000d5800000)
  from space 2048K, 82% used [0x00000000d5800000,0x00000000d59a8000,0x00000000d5a00000)
  to   space 2048K, 0% used [0x00000000d5a00000,0x00000000d5a00000,0x00000000d5c00000)
 ParOldGen       total 405504K, used 405497K [0x0000000080000000, 0x0000000098c00000, 0x00000000d5580000)
  object space 405504K, 99% used [0x0000000080000000,0x0000000098bfe718,0x0000000098c00000)
 Metaspace       used 58956K, committed 60288K, reserved 1114112K
  class space    used 6860K, committed 7424K, reserved 1048576K
}
Event: 12.631 GC heap after
{Heap after GC invocations=371 (full 3):
 PSYoungGen      total 4608K, used 1920K [0x00000000d5580000, 0x00000000d5c00000, 0x0000000100000000)
  eden space 2560K, 0% used [0x00000000d5580000,0x00000000d5580000,0x00000000d5800000)
  from space 2048K, 93% used [0x00000000d5a00000,0x00000000d5be0020,0x00000000d5c00000)
  to   space 2048K, 0% used [0x00000000d5800000,0x00000000d5800000,0x00000000d5a00000)
 ParOldGen       total 407040K, used 407032K [0x0000000080000000, 0x0000000098d80000, 0x00000000d5580000)
  object space 407040K, 99% used [0x0000000080000000,0x0000000098d7e098,0x0000000098d80000)
 Metaspace       used 58956K, committed 60288K, reserved 1114112K
  class space    used 6860K, committed 7424K, reserved 1048576K
}

