# JRE version: OpenJDK Runtime Environment Temurin-21.0.8+9 (21.0.8+9) (build 21.0.8+9-LTS)
# Java VM: OpenJDK 64-Bit Server VM Temurin-21.0.8+9 (21.0.8+9-LTS, mixed mode, sharing, tiered, compressed oops, compressed class ptrs, parallel gc, windows-amd64)
GC Precious Log:
 CardTable entry size: 512
 CPUs: 12 total, 12 available
 Memory: 16279M
 Large Page Support: Disabled
 NUMA Support: Disabled
 Compressed Oops: Enabled (32-bit)
 Alignments: Space 512K, Generation 512K, Heap 2M
 Heap Min Capacity: 100M
 Heap Initial Capacity: 100M
 Heap Max Capacity: 2G
 Pre-touch: Disabled
 Parallel Workers: 10
Heap:
 PSYoungGen      total 3072K, used 2618K [0x00000000d5580000, 0x00000000d5980000, 0x0000000100000000)
  eden space 2048K, 100% used [0x00000000d5580000,0x00000000d5780000,0x00000000d5780000)
  from space 1024K, 55% used [0x00000000d5780000,0x00000000d580ebf0,0x00000000d5880000)
  to   space 1024K, 58% used [0x00000000d5880000,0x00000000d59166a0,0x00000000d5980000)
 ParOldGen       total 185344K, used 185056K [0x0000000080000000, 0x000000008b500000, 0x00000000d5580000)
  object space 185344K, 99% used [0x0000000080000000,0x000000008b4b81d8,0x000000008b500000)
 Metaspace       used 56768K, committed 57984K, reserved 1114112K
  class space    used 6545K, committed 7040K, reserved 1048576K
GC Heap History (20 events):
Event: 20.219 GC heap after
{Heap after GC invocations=154 (full 2):
 PSYoungGen      total 3072K, used 576K [0x00000000d5580000, 0x00000000d5a00000, 0x0000000100000000)
  eden space 2048K, 0% used [0x00000000d5580000,0x00000000d5580000,0x00000000d5780000)
  from space 1024K, 56% used [0x00000000d5900000,0x00000000d5990000,0x00000000d5a00000)
  to   space 1024K, 0% used [0x00000000d5800000,0x00000000d5800000,0x00000000d5900000)
 ParOldGen       total 181248K, used 181133K [0x0000000080000000, 0x000000008b100000, 0x00000000d5580000)
  object space 181248K, 99% used [0x0000000080000000,0x000000008b0e3690,0x000000008b100000)
 Metaspace       used 56208K, committed 57408K, reserved 1114112K
  class space    used 6455K, committed 6976K, reserved 1048576K
}
Event: 20.228 GC heap before
{Heap before GC invocations=155 (full 2):
 PSYoungGen      total 3072K, used 2624K [0x00000000d5580000, 0x00000000d5a00000, 0x0000000100000000)
  eden space 2048K, 100% used [0x00000000d5580000,0x00000000d5780000,0x00000000d5780000)
  from space 1024K, 56% used [0x00000000d5900000,0x00000000d5990000,0x00000000d5a00000)
  to   space 1024K, 0% used [0x00000000d5800000,0x00000000d5800000,0x00000000d5900000)
 ParOldGen       total 181248K, used 181133K [0x0000000080000000, 0x000000008b100000, 0x00000000d5580000)
  object space 181248K, 99% used [0x0000000080000000,0x000000008b0e3690,0x000000008b100000)
 Metaspace       used 56281K, committed 57472K, reserved 1114112K
  class space    used 6468K, committed 6976K, reserved 1048576K
}
Event: 20.229 GC heap after
{Heap after GC invocations=155 (full 2):
 PSYoungGen      total 2560K, used 462K [0x00000000d5580000, 0x00000000d5980000, 0x0000000100000000)
  eden space 2048K, 0% used [0x00000000d5580000,0x00000000d5580000,0x00000000d5780000)
  from space 512K, 90% used [0x00000000d5800000,0x00000000d5873930,0x00000000d5880000)
  to   space 1024K, 0% used [0x00000000d5880000,0x00000000d5880000,0x00000000d5980000)
 ParOldGen       total 181760K, used 181551K [0x0000000080000000, 0x000000008b180000, 0x00000000d5580000)
  object space 181760K, 99% used [0x0000000080000000,0x000000008b14bec8,0x000000008b180000)
 Metaspace       used 56281K, committed 57472K, reserved 1114112K
  class space    used 6468K, committed 6976K, reserved 1048576K
}
Event: 20.235 GC heap before
{Heap before GC invocations=156 (full 2):
 PSYoungGen      total 2560K, used 2510K [0x00000000d5580000, 0x00000000d5980000, 0x0000000100000000)
  eden space 2048K, 100% used [0x00000000d5580000,0x00000000d5780000,0x00000000d5780000)
  from space 512K, 90% used [0x00000000d5800000,0x00000000d5873930,0x00000000d5880000)
  to   space 1024K, 0% used [0x00000000d5880000,0x00000000d5880000,0x00000000d5980000)
 ParOldGen       total 181760K, used 181551K [0x0000000080000000, 0x000000008b180000, 0x00000000d5580000)
  object space 181760K, 99% used [0x0000000080000000,0x000000008b14bec8,0x000000008b180000)
 Metaspace       used 56339K, committed 57536K, reserved 1114112K
  class space    used 6476K, committed 6976K, reserved 1048576K
}
Event: 20.236 GC heap after
{Heap after GC invocations=156 (full 2):
 PSYoungGen      total 3072K, used 550K [0x00000000d5580000, 0x00000000d5980000, 0x0000000100000000)
  eden space 2048K, 0% used [0x00000000d5580000,0x00000000d5580000,0x00000000d5780000)
  from space 1024K, 53% used [0x00000000d5880000,0x00000000d59098a0,0x00000000d5980000)
  to   space 1024K, 0% used [0x00000000d5780000,0x00000000d5780000,0x00000000d5880000)
 ParOldGen       total 182272K, used 181913K [0x0000000080000000, 0x000000008b200000, 0x00000000d5580000)
  object space 182272K, 99% used [0x0000000080000000,0x000000008b1a6740,0x000000008b200000)
 Metaspace       used 56339K, committed 57536K, reserved 1114112K
  class space    used 6476K, committed 6976K, reserved 1048576K
}
Event: 20.242 GC heap before
{Heap before GC invocations=157 (full 2):
 PSYoungGen      total 3072K, used 2598K [0x00000000d5580000, 0x00000000d5980000, 0x0000000100000000)
  eden space 2048K, 100% used [0x00000000d5580000,0x00000000d5780000,0x00000000d5780000)
  from space 1024K, 53% used [0x00000000d5880000,0x00000000d59098a0,0x00000000d5980000)
  to   space 1024K, 0% used [0x00000000d5780000,0x00000000d5780000,0x00000000d5880000)
 ParOldGen       total 182272K, used 181913K [0x0000000080000000, 0x000000008b200000, 0x00000000d5580000)
  object space 182272K, 99% used [0x0000000080000000,0x000000008b1a6740,0x000000008b200000)
 Metaspace       used 56369K, committed 57600K, reserved 1114112K
  class space    used 6481K, committed 6976K, reserved 1048576K
}
Event: 20.244 GC heap after
{Heap after GC invocations=157 (full 2):
 PSYoungGen      total 3072K, used 689K [0x00000000d5580000, 0x00000000d5980000, 0x0000000100000000)
  eden space 2048K, 0% used [0x00000000d5580000,0x00000000d5580000,0x00000000d5780000)
  from space 1024K, 67% used [0x00000000d5780000,0x00000000d582c408,0x00000000d5880000)
  to   space 1024K, 0% used [0x00000000d5880000,0x00000000d5880000,0x00000000d5980000)
 ParOldGen       total 182784K, used 182341K [0x0000000080000000, 0x000000008b280000, 0x00000000d5580000)
  object space 182784K, 99% used [0x0000000080000000,0x000000008b211628,0x000000008b280000)
 Metaspace       used 56369K, committed 57600K, reserved 1114112K
  class space    used 6481K, committed 6976K, reserved 1048576K
}
Event: 20.250 GC heap before
{Heap before GC invocations=158 (full 2):
 PSYoungGen      total 3072K, used 2737K [0x00000000d5580000, 0x00000000d5980000, 0x0000000100000000)
  eden space 2048K, 100% used [0x00000000d5580000,0x00000000d5780000,0x00000000d5780000)
  from space 1024K, 67% used [0x00000000d5780000,0x00000000d582c408,0x00000000d5880000)
  to   space 1024K, 0% used [0x00000000d5880000,0x00000000d5880000,0x00000000d5980000)
 ParOldGen       total 182784K, used 182341K [0x0000000080000000, 0x000000008b280000, 0x00000000d5580000)
  object space 182784K, 99% used [0x0000000080000000,0x000000008b211628,0x000000008b280000)
 Metaspace       used 56418K, committed 57664K, reserved 1114112K
  class space    used 6493K, committed 7040K, reserved 1048576K
}
Event: 20.251 GC heap after
{Heap after GC invocations=158 (full 2):
 PSYoungGen      total 3072K, used 628K [0x00000000d5580000, 0x00000000d5980000, 0x0000000100000000)
  eden space 2048K, 0% used [0x00000000d5580000,0x00000000d5580000,0x00000000d5780000)
  from space 1024K, 61% used [0x00000000d5880000,0x00000000d591d060,0x00000000d5980000)
  to   space 1024K, 0% used [0x00000000d5780000,0x00000000d5780000,0x00000000d5880000)
 ParOldGen       total 183296K, used 182796K [0x0000000080000000, 0x000000008b300000, 0x00000000d5580000)
  object space 183296K, 99% used [0x0000000080000000,0x000000008b283318,0x000000008b300000)
 Metaspace       used 56418K, committed 57664K, reserved 1114112K
  class space    used 6493K, committed 7040K, reserved 1048576K
}
Event: 20.257 GC heap before
{Heap before GC invocations=159 (full 2):
 PSYoungGen      total 3072K, used 2676K [0x00000000d5580000, 0x00000000d5980000, 0x0000000100000000)
  eden space 2048K, 100% used [0x00000000d5580000,0x00000000d5780000,0x00000000d5780000)
  from space 1024K, 61% used [0x00000000d5880000,0x00000000d591d060,0x00000000d5980000)
  to   space 1024K, 0% used [0x00000000d5780000,0x00000000d5780000,0x00000000d5880000)
 ParOldGen       total 183296K, used 182796K [0x0000000080000000, 0x000000008b300000, 0x00000000d5580000)
  object space 183296K, 99% used [0x0000000080000000,0x000000008b283318,0x000000008b300000)
 Metaspace       used 56489K, committed 57728K, reserved 1114112K
  class space    used 6503K, committed 7040K, reserved 1048576K
}
Event: 20.259 GC heap after
{Heap after GC invocations=159 (full 2):
 PSYoungGen      total 3072K, used 586K [0x00000000d5580000, 0x00000000d5980000, 0x0000000100000000)
  eden space 2048K, 0% used [0x00000000d5580000,0x00000000d5580000,0x00000000d5780000)
  from space 1024K, 57% used [0x00000000d5780000,0x00000000d58129a0,0x00000000d5880000)
  to   space 1024K, 0% used [0x00000000d5880000,0x00000000d5880000,0x00000000d5980000)
 ParOldGen       total 183296K, used 183218K [0x0000000080000000, 0x000000008b300000, 0x00000000d5580000)
  object space 183296K, 99% used [0x0000000080000000,0x000000008b2ec990,0x000000008b300000)
 Metaspace       used 56489K, committed 57728K, reserved 1114112K
  class space    used 6503K, committed 7040K, reserved 1048576K
}
Event: 20.269 GC heap before
{Heap before GC invocations=160 (full 2):
 PSYoungGen      total 3072K, used 2634K [0x00000000d5580000, 0x00000000d5980000, 0x0000000100000000)
  eden space 2048K, 100% used [0x00000000d5580000,0x00000000d5780000,0x00000000d5780000)
  from space 1024K, 57% used [0x00000000d5780000,0x00000000d58129a0,0x00000000d5880000)
  to   space 1024K, 0% used [0x00000000d5880000,0x00000000d5880000,0x00000000d5980000)
 ParOldGen       total 183296K, used 183218K [0x0000000080000000, 0x000000008b300000, 0x00000000d5580000)
  object space 183296K, 99% used [0x0000000080000000,0x000000008b2ec990,0x000000008b300000)
 Metaspace       used 56558K, committed 57792K, reserved 1114112K
  class space    used 6514K, committed 7040K, reserved 1048576K
}
Event: 20.270 GC heap after
{Heap after GC invocations=160 (full 2):
 PSYoungGen      total 3072K, used 497K [0x00000000d5580000, 0x00000000d5980000, 0x0000000100000000)
  eden space 2048K, 0% used [0x00000000d5580000,0x00000000d5580000,0x00000000d5780000)
  from space 1024K, 48% used [0x00000000d5880000,0x00000000d58fc7a8,0x00000000d5980000)
  to   space 1024K, 0% used [0x00000000d5780000,0x00000000d5780000,0x00000000d5880000)
 ParOldGen       total 183808K, used 183583K [0x0000000080000000, 0x000000008b380000, 0x00000000d5580000)
  object space 183808K, 99% used [0x0000000080000000,0x000000008b347c08,0x000000008b380000)
 Metaspace       used 56558K, committed 57792K, reserved 1114112K
  class space    used 6514K, committed 7040K, reserved 1048576K
}
Event: 20.278 GC heap before
{Heap before GC invocations=161 (full 2):
 PSYoungGen      total 3072K, used 2545K [0x00000000d5580000, 0x00000000d5980000, 0x0000000100000000)
  eden space 2048K, 100% used [0x00000000d5580000,0x00000000d5780000,0x00000000d5780000)
  from space 1024K, 48% used [0x00000000d5880000,0x00000000d58fc7a8,0x00000000d5980000)
  to   space 1024K, 0% used [0x00000000d5780000,0x00000000d5780000,0x00000000d5880000)
 ParOldGen       total 183808K, used 183583K [0x0000000080000000, 0x000000008b380000, 0x00000000d5580000)
  object space 183808K, 99% used [0x0000000080000000,0x000000008b347c08,0x000000008b380000)
 Metaspace       used 56632K, committed 57856K, reserved 1114112K
  class space    used 6523K, committed 7040K, reserved 1048576K
}
Event: 20.279 GC heap after
{Heap after GC invocations=161 (full 2):
 PSYoungGen      total 3072K, used 478K [0x00000000d5580000, 0x00000000d5900000, 0x0000000100000000)
  eden space 2048K, 0% used [0x00000000d5580000,0x00000000d5580000,0x00000000d5780000)
  from space 1024K, 46% used [0x00000000d5780000,0x00000000d57f7a38,0x00000000d5880000)
  to   space 512K, 0% used [0x00000000d5880000,0x00000000d5880000,0x00000000d5900000)
 ParOldGen       total 184320K, used 183907K [0x0000000080000000, 0x000000008b400000, 0x00000000d5580000)
  object space 184320K, 99% used [0x0000000080000000,0x000000008b398c18,0x000000008b400000)
 Metaspace       used 56632K, committed 57856K, reserved 1114112K
  class space    used 6523K, committed 7040K, reserved 1048576K
}
Event: 20.287 GC heap before
{Heap before GC invocations=162 (full 2):
 PSYoungGen      total 3072K, used 2526K [0x00000000d5580000, 0x00000000d5900000, 0x0000000100000000)
  eden space 2048K, 100% used [0x00000000d5580000,0x00000000d5780000,0x00000000d5780000)
  from space 1024K, 46% used [0x00000000d5780000,0x00000000d57f7a38,0x00000000d5880000)
  to   space 512K, 0% used [0x00000000d5880000,0x00000000d5880000,0x00000000d5900000)
 ParOldGen       total 184320K, used 183907K [0x0000000080000000, 0x000000008b400000, 0x00000000d5580000)
  object space 184320K, 99% used [0x0000000080000000,0x000000008b398c18,0x000000008b400000)
 Metaspace       used 56682K, committed 57920K, reserved 1114112K
  class space    used 6530K, committed 7040K, reserved 1048576K
}
Event: 20.288 GC heap after
{Heap after GC invocations=162 (full 2):
 PSYoungGen      total 2560K, used 510K [0x00000000d5580000, 0x00000000d5980000, 0x0000000100000000)
  eden space 2048K, 0% used [0x00000000d5580000,0x00000000d5580000,0x00000000d5780000)
  from space 512K, 99% used [0x00000000d5880000,0x00000000d58ff948,0x00000000d5900000)
  to   space 1024K, 0% used [0x00000000d5780000,0x00000000d5780000,0x00000000d5880000)
 ParOldGen       total 184320K, used 184275K [0x0000000080000000, 0x000000008b400000, 0x00000000d5580000)
  object space 184320K, 99% used [0x0000000080000000,0x000000008b3f4c00,0x000000008b400000)
 Metaspace       used 56682K, committed 57920K, reserved 1114112K
  class space    used 6530K, committed 7040K, reserved 1048576K
}
Event: 20.293 GC heap before
{Heap before GC invocations=163 (full 2):
 PSYoungGen      total 2560K, used 2558K [0x00000000d5580000, 0x00000000d5980000, 0x0000000100000000)
  eden space 2048K, 100% used [0x00000000d5580000,0x00000000d5780000,0x00000000d5780000)
  from space 512K, 99% used [0x00000000d5880000,0x00000000d58ff948,0x00000000d5900000)
  to   space 1024K, 0% used [0x00000000d5780000,0x00000000d5780000,0x00000000d5880000)
 ParOldGen       total 184320K, used 184275K [0x0000000080000000, 0x000000008b400000, 0x00000000d5580000)
  object space 184320K, 99% used [0x0000000080000000,0x000000008b3f4c00,0x000000008b400000)
 Metaspace       used 56730K, committed 57920K, reserved 1114112K
  class space    used 6539K, committed 7040K, reserved 1048576K
}
Event: 20.295 GC heap after
{Heap after GC invocations=163 (full 2):
 PSYoungGen      total 3072K, used 570K [0x00000000d5580000, 0x00000000d5980000, 0x0000000100000000)
  eden space 2048K, 0% used [0x00000000d5580000,0x00000000d5580000,0x00000000d5780000)
  from space 1024K, 55% used [0x00000000d5780000,0x00000000d580ebf0,0x00000000d5880000)
  to   space 1024K, 0% used [0x00000000d5880000,0x00000000d5880000,0x00000000d5980000)
 ParOldGen       total 184832K, used 184699K [0x0000000080000000, 0x000000008b480000, 0x00000000d5580000)
  object space 184832K, 99% used [0x0000000080000000,0x000000008b45eef8,0x000000008b480000)
 Metaspace       used 56730K, committed 57920K, reserved 1114112K
  class space    used 6539K, committed 7040K, reserved 1048576K
}
Event: 20.299 GC heap before
{Heap before GC invocations=164 (full 2):
 PSYoungGen      total 3072K, used 2618K [0x00000000d5580000, 0x00000000d5980000, 0x0000000100000000)
  eden space 2048K, 100% used [0x00000000d5580000,0x00000000d5780000,0x00000000d5780000)
  from space 1024K, 55% used [0x00000000d5780000,0x00000000d580ebf0,0x00000000d5880000)
  to   space 1024K, 0% used [0x00000000d5880000,0x00000000d5880000,0x00000000d5980000)
 ParOldGen       total 184832K, used 184699K [0x0000000080000000, 0x000000008b480000, 0x00000000d5580000)
  object space 184832K, 99% used [0x0000000080000000,0x000000008b45eef8,0x000000008b480000)
 Metaspace       used 56768K, committed 57984K, reserved 1114112K
  class space    used 6545K, committed 7040K, reserved 1048576K
}

